# JRE version: OpenJDK Runtime Environment (15.0.2+7) (build 15.0.2+7-27)
# Java VM: OpenJDK 64-Bit Server VM (15.0.2+7-27, mixed mode, tiered, compressed oops, g1 gc, windows-amd64)
GC Precious Log:
 CPUs: 2 total, 2 available
 Memory: 3943M
 Large Page Support: Disabled
 NUMA Support: Disabled
 Compressed Oops: Enabled (32-bit)
 Heap Region Size: 1M
 Heap Min Capacity: 8M
 Heap Initial Capacity: 62M
 Heap Max Capacity: 986M
 Pre-touch: Disabled
 Parallel Workers: 2
 Concurrent Workers: 1
 Concurrent Refinement Workers: 2
 Periodic GC: Disabled
Heap:
 garbage-first heap   total 354304K, used 333073K [0x00000000c2600000, 0x0000000100000000)
  region size 1024K, 25 young (25600K), 1 survivors (1024K)
 Metaspace       used 69754K, capacity 70611K, committed 72448K, reserved 1112064K
  class space    used 9037K, capacity 9292K, committed 9472K, reserved 1048576K
GC Heap History (20 events):
Event: 205447.301 GC heap before
{Heap before GC invocations=760 (full 14):
 garbage-first heap   total 327680K, used 112655K [0x00000000c2600000, 0x0000000100000000)
  region size 1024K, 4 young (4096K), 1 survivors (1024K)
 Metaspace       used 69557K, capacity 70376K, committed 72448K, reserved 1112064K
  class space    used 9021K, capacity 9263K, committed 9472K, reserved 1048576K
}
Event: 205447.304 GC heap after
{Heap after GC invocations=761 (full 14):
 garbage-first heap   total 327680K, used 30571K [0x00000000c2600000, 0x0000000100000000)
  region size 1024K, 1 young (1024K), 1 survivors (1024K)
 Metaspace       used 69557K, capacity 70376K, committed 72448K, reserved 1112064K
  class space    used 9021K, capacity 9263K, committed 9472K, reserved 1048576K
}
Event: 205517.192 GC heap before
{Heap before GC invocations=762 (full 14):
 garbage-first heap   total 252928K, used 74603K [0x00000000c2600000, 0x0000000100000000)
  region size 1024K, 6 young (6144K), 1 survivors (1024K)
 Metaspace       used 69559K, capacity 70376K, committed 72448K, reserved 1112064K
  class space    used 9021K, capacity 9263K, committed 9472K, reserved 1048576K
}
Event: 205517.215 GC heap after
{Heap after GC invocations=763 (full 14):
 garbage-first heap   total 252928K, used 30572K [0x00000000c2600000, 0x0000000100000000)
  region size 1024K, 1 young (1024K), 1 survivors (1024K)
 Metaspace       used 69559K, capacity 70376K, committed 72448K, reserved 1112064K
  class space    used 9021K, capacity 9263K, committed 9472K, reserved 1048576K
}
Event: 205519.974 GC heap before
{Heap before GC invocations=764 (full 14):
 garbage-first heap   total 252928K, used 71532K [0x00000000c2600000, 0x0000000100000000)
  region size 1024K, 4 young (4096K), 1 survivors (1024K)
 Metaspace       used 69559K, capacity 70376K, committed 72448K, reserved 1112064K
  class space    used 9021K, capacity 9263K, committed 9472K, reserved 1048576K
}
Event: 205519.979 GC heap after
{Heap after GC invocations=765 (full 14):
 garbage-first heap   total 252928K, used 30870K [0x00000000c2600000, 0x0000000100000000)
  region size 1024K, 1 young (1024K), 1 survivors (1024K)
 Metaspace       used 69559K, capacity 70376K, committed 72448K, reserved 1112064K
  class space    used 9021K, capacity 9263K, committed 9472K, reserved 1048576K
}
Event: 205554.309 GC heap before
{Heap before GC invocations=766 (full 14):
 garbage-first heap   total 327680K, used 192662K [0x00000000c2600000, 0x0000000100000000)
  region size 1024K, 4 young (4096K), 1 survivors (1024K)
 Metaspace       used 69559K, capacity 70376K, committed 72448K, reserved 1112064K
  class space    used 9021K, capacity 9263K, committed 9472K, reserved 1048576K
}
Event: 205554.312 GC heap after
{Heap after GC invocations=767 (full 14):
 garbage-first heap   total 327680K, used 30279K [0x00000000c2600000, 0x0000000100000000)
  region size 1024K, 1 young (1024K), 1 survivors (1024K)
 Metaspace       used 69559K, capacity 70376K, committed 72448K, reserved 1112064K
  class space    used 9021K, capacity 9263K, committed 9472K, reserved 1048576K
}
Event: 205655.988 GC heap before
{Heap before GC invocations=768 (full 14):
 garbage-first heap   total 256000K, used 75335K [0x00000000c2600000, 0x0000000100000000)
  region size 1024K, 7 young (7168K), 1 survivors (1024K)
 Metaspace       used 69559K, capacity 70376K, committed 72448K, reserved 1112064K
  class space    used 9021K, capacity 9263K, committed 9472K, reserved 1048576K
}
Event: 205655.992 GC heap after
{Heap after GC invocations=769 (full 14):
 garbage-first heap   total 256000K, used 30737K [0x00000000c2600000, 0x0000000100000000)
  region size 1024K, 1 young (1024K), 1 survivors (1024K)
 Metaspace       used 69559K, capacity 70376K, committed 72448K, reserved 1112064K
  class space    used 9021K, capacity 9263K, committed 9472K, reserved 1048576K
}
Event: 205658.867 GC heap before
{Heap before GC invocations=770 (full 14):
 garbage-first heap   total 256000K, used 112657K [0x00000000c2600000, 0x0000000100000000)
  region size 1024K, 4 young (4096K), 1 survivors (1024K)
 Metaspace       used 69566K, capacity 70376K, committed 72448K, reserved 1112064K
  class space    used 9021K, capacity 9263K, committed 9472K, reserved 1048576K
}
Event: 205658.871 GC heap after
{Heap after GC invocations=771 (full 14):
 garbage-first heap   total 256000K, used 30859K [0x00000000c2600000, 0x0000000100000000)
  region size 1024K, 1 young (1024K), 1 survivors (1024K)
 Metaspace       used 69566K, capacity 70376K, committed 72448K, reserved 1112064K
  class space    used 9021K, capacity 9263K, committed 9472K, reserved 1048576K
}
Event: 208044.778 GC heap before
{Heap before GC invocations=772 (full 14):
 garbage-first heap   total 331776K, used 223371K [0x00000000c2600000, 0x0000000100000000)
  region size 1024K, 34 young (34816K), 1 survivors (1024K)
 Metaspace       used 69598K, capacity 70446K, committed 72448K, reserved 1112064K
  class space    used 9022K, capacity 9264K, committed 9472K, reserved 1048576K
}
Event: 208045.160 GC heap after
{Heap after GC invocations=773 (full 14):
 garbage-first heap   total 331776K, used 31548K [0x00000000c2600000, 0x0000000100000000)
  region size 1024K, 2 young (2048K), 2 survivors (2048K)
 Metaspace       used 69598K, capacity 70446K, committed 72448K, reserved 1112064K
  class space    used 9022K, capacity 9264K, committed 9472K, reserved 1048576K
}
Event: 211660.273 GC heap before
{Heap before GC invocations=774 (full 14):
 garbage-first heap   total 331776K, used 278332K [0x00000000c2600000, 0x0000000100000000)
  region size 1024K, 89 young (91136K), 2 survivors (2048K)
 Metaspace       used 69653K, capacity 70524K, committed 72448K, reserved 1112064K
  class space    used 9029K, capacity 9277K, committed 9472K, reserved 1048576K
}
Event: 211660.466 GC heap after
{Heap after GC invocations=775 (full 14):
 garbage-first heap   total 331776K, used 32009K [0x00000000c2600000, 0x0000000100000000)
  region size 1024K, 2 young (2048K), 2 survivors (2048K)
 Metaspace       used 69653K, capacity 70524K, committed 72448K, reserved 1112064K
  class space    used 9029K, capacity 9277K, committed 9472K, reserved 1048576K
}
Event: 211803.915 GC heap before
{Heap before GC invocations=776 (full 14):
 garbage-first heap   total 334848K, used 198921K [0x00000000c2600000, 0x0000000100000000)
  region size 1024K, 10 young (10240K), 2 survivors (2048K)
 Metaspace       used 69675K, capacity 70524K, committed 72448K, reserved 1112064K
  class space    used 9029K, capacity 9277K, committed 9472K, reserved 1048576K
}
Event: 211803.980 GC heap after
{Heap after GC invocations=777 (full 14):
 garbage-first heap   total 334848K, used 31371K [0x00000000c2600000, 0x0000000100000000)
  region size 1024K, 2 young (2048K), 2 survivors (2048K)
 Metaspace       used 69675K, capacity 70524K, committed 72448K, reserved 1112064K
  class space    used 9029K, capacity 9277K, committed 9472K, reserved 1048576K
}
Event: 211807.557 GC heap before
{Heap before GC invocations=778 (full 14):
 garbage-first heap   total 263168K, used 73355K [0x00000000c2600000, 0x0000000100000000)
  region size 1024K, 5 young (5120K), 2 survivors (2048K)
 Metaspace       used 69699K, capacity 70524K, committed 72448K, reserved 1112064K
  class space    used 9029K, capacity 9277K, committed 9472K, reserved 1048576K
}
Event: 211807.609 GC heap after
{Heap after GC invocations=779 (full 14):
 garbage-first heap   total 263168K, used 30993K [0x00000000c2600000, 0x0000000100000000)
  region size 1024K, 1 young (1024K), 1 survivors (1024K)
 Metaspace       used 69699K, capacity 70524K, committed 72448K, reserved 1112064K
  class space    used 9029K, capacity 9277K, committed 9472K, reserved 1048576K
}

